<?xml version="1.0" encoding="UTF-8"?>
<!-- Generated by org.testng.reporters.JUnitReportReporter -->
<testsuite hostname="Pravin-Zoof-Laptop" failures="0" tests="3" name="com.qa.countable.tests.LoginPageTest" time="10.076" errors="0" timestamp="2023-06-15T11:51:38 IST" skipped="0">
  <testcase classname="com.qa.countable.tests.LoginPageTest" name="verifyLoginTitleTest" time="0.343"/>
  <system-out/>
  <testcase classname="com.qa.countable.tests.LoginPageTest" name="verifysignuplink" time="0.311"/>
  <system-out/>
  <testcase classname="com.qa.countable.tests.LoginPageTest" name="loginTest" time="9.422"/>
  <system-out/>
</testsuite> <!-- com.qa.countable.tests.LoginPageTest -->
