<?xml version="1.0" encoding="UTF-8"?>
<!-- Generated by org.testng.reporters.JUnitReportReporter -->
<testsuite hostname="Pravin-Zoof-Laptop" failures="0" tests="3" name="com.qa.countable.tests.LoginPageTest" time="6.797" errors="0" timestamp="2023-06-05T18:49:22 IST" skipped="0">
  <testcase classname="com.qa.countable.tests.LoginPageTest" name="verifyLoginTitleTest" time="0.027"/>
  <system-out/>
  <testcase classname="com.qa.countable.tests.LoginPageTest" name="verifysignuplink" time="0.051"/>
  <system-out/>
  <testcase classname="com.qa.countable.tests.LoginPageTest" name="loginTest" time="6.719"/>
  <system-out/>
</testsuite> <!-- com.qa.countable.tests.LoginPageTest -->
