<?xml version="1.0" encoding="UTF-8"?>
<!-- Generated by org.testng.reporters.JUnitReportReporter -->
<testsuite hostname="Pravin-Zoof-Laptop" failures="0" tests="1" name="com.qa.countable.tests.SignupTest" time="4.009" errors="0" timestamp="2023-04-25T16:45:01 IST" skipped="0">
  <testcase classname="com.qa.countable.tests.SignupTest" name="signupClick" time="4.009"/>
  <system-out/>
</testsuite> <!-- com.qa.countable.tests.SignupTest -->
