<?xml version="1.0" encoding="UTF-8"?>
<!-- Generated by org.testng.reporters.JUnitReportReporter -->
<testsuite hostname="Pravin-Zoof-Laptop" failures="0" tests="5" name="com.qa.countable.tests.addTeamTest" time="65.109" errors="0" timestamp="2023-05-25T22:23:28 IST" skipped="0">
  <testcase classname="com.qa.countable.tests.addTeamTest" name="navigateTeam" time="12.920"/>
  <system-out/>
  <testcase classname="com.qa.countable.tests.addTeamTest" name="addGen" time="12.161"/>
  <system-out/>
  <testcase classname="com.qa.countable.tests.addTeamTest" name="addAdm" time="14.592"/>
  <system-out/>
  <testcase classname="com.qa.countable.tests.addTeamTest" name="addLim" time="14.706"/>
  <system-out/>
  <testcase classname="com.qa.countable.tests.addTeamTest" name="deleteTeamMember" time="10.730"/>
  <system-out/>
</testsuite> <!-- com.qa.countable.tests.addTeamTest -->
