<?xml version="1.0" encoding="UTF-8"?>
<!-- Generated by org.testng.reporters.JUnitReportReporter -->
<testsuite hostname="Pravin-Zoof-Laptop" failures="0" tests="14" name="com.qa.countable.tests.EngagementTest" time="74.484" errors="0" timestamp="2023-05-29T11:39:54 IST" skipped="0">
  <testcase classname="com.qa.countable.tests.EngagementTest" name="engagementList" time="9.217"/>
  <system-out/>
  <testcase classname="com.qa.countable.tests.EngagementTest" name="engagementListCount" time="0.098"/>
  <system-out/>
  <testcase classname="com.qa.countable.tests.EngagementTest" name="inprogressengagements" time="0.108"/>
  <system-out/>
  <testcase classname="com.qa.countable.tests.EngagementTest" name="countMatch" time="0.149"/>
  <system-out/>
  <testcase classname="com.qa.countable.tests.EngagementTest" name="searchOnEngagements" time="0.427"/>
  <system-out/>
  <testcase classname="com.qa.countable.tests.EngagementTest" name="clickonEngagements" time="0.073"/>
  <system-out/>
  <testcase classname="com.qa.countable.tests.EngagementTest" name="clickOnprocedures" time="11.308"/>
  <system-out/>
  <testcase classname="com.qa.countable.tests.EngagementTest" name="addNewNote" time="7.537"/>
  <system-out/>
  <testcase classname="com.qa.countable.tests.EngagementTest" name="addnewtick" time="18.444"/>
  <system-out/>
  <testcase classname="com.qa.countable.tests.EngagementTest" name="clickTick" time="1.844"/>
  <system-out/>
  <testcase classname="com.qa.countable.tests.EngagementTest" name="addComment" time="6.674"/>
  <system-out/>
  <testcase classname="com.qa.countable.tests.EngagementTest" name="addIssue" time="7.367"/>
  <system-out/>
  <testcase classname="com.qa.countable.tests.EngagementTest" name="requestDoc" time="7.373"/>
  <system-out/>
  <testcase classname="com.qa.countable.tests.EngagementTest" name="addRef" time="3.865"/>
  <system-out/>
</testsuite> <!-- com.qa.countable.tests.EngagementTest -->
